<?xml version="1.0" encoding="UTF-8"?>
<testng-results ignored="0" total="7" passed="6" failed="1" skipped="0">
  <reporter-output>
  </reporter-output>
  <suite started-at="2022-04-19T08:03:03 IST" name="Suite" finished-at="2022-04-19T08:03:51 IST" duration-ms="48271">
    <groups>
    </groups>
    <test started-at="2022-04-19T08:03:03 IST" name="Test" finished-at="2022-04-19T08:03:51 IST" duration-ms="48271">
      <class name="com.qa.examTest.testCases.registerPageTest">
        <test-method is-config="true" signature="launchSetup()[pri:0, instance:com.qa.examTest.testCases.registerPageTest@6c372fe6]" started-at="2022-04-19T08:03:17 IST" name="launchSetup" finished-at="2022-04-19T08:03:22 IST" duration-ms="4775" status="PASS">
          <reporter-output>
          </reporter-output>
        </test-method> <!-- launchSetup -->
        <test-method signature="ValidRegistration()[pri:0, instance:com.qa.examTest.testCases.registerPageTest@6c372fe6]" started-at="2022-04-19T08:03:22 IST" name="ValidRegistration" finished-at="2022-04-19T08:03:24 IST" duration-ms="2640" status="FAIL">
          <exception class="java.lang.AssertionError">
            <message>
              <![CDATA[expected [[https://www.techdrills.in/staging/examTest/account.php?q=1]] but found [https://www.techdrills.in/staging/examTest/account.php?q=1]]]>
            </message>
            <full-stacktrace>
              <![CDATA[java.lang.AssertionError: expected [[https://www.techdrills.in/staging/examTest/account.php?q=1]] but found [https://www.techdrills.in/staging/examTest/account.php?q=1]
at org.testng.Assert.fail(Assert.java:99)
at org.testng.Assert.failNotEquals(Assert.java:1037)
at org.testng.Assert.assertEqualsImpl(Assert.java:140)
at org.testng.Assert.assertEquals(Assert.java:122)
at org.testng.Assert.assertEquals(Assert.java:629)
at org.testng.Assert.assertEquals(Assert.java:639)
at com.qa.examTest.testCases.registerPageTest.ValidRegistration(registerPageTest.java:28)
at java.base/jdk.internal.reflect.NativeMethodAccessorImpl.invoke0(Native Method)
at java.base/jdk.internal.reflect.NativeMethodAccessorImpl.invoke(NativeMethodAccessorImpl.java:78)
at java.base/jdk.internal.reflect.DelegatingMethodAccessorImpl.invoke(DelegatingMethodAccessorImpl.java:43)
at java.base/java.lang.reflect.Method.invoke(Method.java:567)
at org.testng.internal.MethodInvocationHelper.invokeMethod(MethodInvocationHelper.java:133)
at org.testng.internal.TestInvoker.invokeMethod(TestInvoker.java:598)
at org.testng.internal.TestInvoker.invokeTestMethod(TestInvoker.java:173)
at org.testng.internal.MethodRunner.runInSequence(MethodRunner.java:46)
at org.testng.internal.TestInvoker$MethodInvocationAgent.invoke(TestInvoker.java:824)
at org.testng.internal.TestInvoker.invokeTestMethods(TestInvoker.java:146)
at org.testng.internal.TestMethodWorker.invokeTestMethods(TestMethodWorker.java:146)
at org.testng.internal.TestMethodWorker.run(TestMethodWorker.java:128)
at java.base/java.util.ArrayList.forEach(ArrayList.java:1511)
at org.testng.TestRunner.privateRun(TestRunner.java:794)
at org.testng.TestRunner.run(TestRunner.java:596)
at org.testng.SuiteRunner.runTest(SuiteRunner.java:377)
at org.testng.SuiteRunner.runSequentially(SuiteRunner.java:371)
at org.testng.SuiteRunner.privateRun(SuiteRunner.java:332)
at org.testng.SuiteRunner.run(SuiteRunner.java:276)
at org.testng.SuiteRunnerWorker.runSuite(SuiteRunnerWorker.java:53)
at org.testng.SuiteRunnerWorker.run(SuiteRunnerWorker.java:96)
at org.testng.TestNG.runSuitesSequentially(TestNG.java:1212)
at org.testng.TestNG.runSuitesLocally(TestNG.java:1134)
at org.testng.TestNG.runSuites(TestNG.java:1063)
at org.testng.TestNG.run(TestNG.java:1031)
at org.testng.remote.AbstractRemoteTestNG.run(AbstractRemoteTestNG.java:115)
at org.testng.remote.RemoteTestNG.initAndRun(RemoteTestNG.java:251)
at org.testng.remote.RemoteTestNG.main(RemoteTestNG.java:77)
]]>
            </full-stacktrace>
          </exception> <!-- java.lang.AssertionError -->
          <reporter-output>
          </reporter-output>
        </test-method> <!-- ValidRegistration -->
        <test-method is-config="true" signature="launchSetup()[pri:0, instance:com.qa.examTest.testCases.registerPageTest@6c372fe6]" started-at="2022-04-19T08:03:24 IST" name="launchSetup" finished-at="2022-04-19T08:03:30 IST" duration-ms="5386" status="PASS">
          <reporter-output>
          </reporter-output>
        </test-method> <!-- launchSetup -->
        <test-method signature="invalidName()[pri:0, instance:com.qa.examTest.testCases.registerPageTest@6c372fe6]" started-at="2022-04-19T08:03:30 IST" name="invalidName" finished-at="2022-04-19T08:03:31 IST" duration-ms="1206" status="PASS">
          <reporter-output>
          </reporter-output>
        </test-method> <!-- invalidName -->
        <test-method is-config="true" signature="launchSetup()[pri:0, instance:com.qa.examTest.testCases.registerPageTest@6c372fe6]" started-at="2022-04-19T08:03:31 IST" name="launchSetup" finished-at="2022-04-19T08:03:36 IST" duration-ms="4998" status="PASS">
          <reporter-output>
          </reporter-output>
        </test-method> <!-- launchSetup -->
        <test-method signature="verifyCollge()[pri:0, instance:com.qa.examTest.testCases.registerPageTest@6c372fe6]" started-at="2022-04-19T08:03:36 IST" name="verifyCollge" finished-at="2022-04-19T08:03:37 IST" duration-ms="1333" status="PASS">
          <reporter-output>
          </reporter-output>
        </test-method> <!-- verifyCollge -->
        <test-method is-config="true" signature="launchSetup()[pri:0, instance:com.qa.examTest.testCases.registerPageTest@6c372fe6]" started-at="2022-04-19T08:03:37 IST" name="launchSetup" finished-at="2022-04-19T08:03:42 IST" duration-ms="5034" status="PASS">
          <reporter-output>
          </reporter-output>
        </test-method> <!-- launchSetup -->
        <test-method signature="verifyEmail()[pri:0, instance:com.qa.examTest.testCases.registerPageTest@6c372fe6]" started-at="2022-04-19T08:03:42 IST" name="verifyEmail" finished-at="2022-04-19T08:03:44 IST" duration-ms="1592" status="PASS">
          <reporter-output>
          </reporter-output>
        </test-method> <!-- verifyEmail -->
        <test-method is-config="true" signature="launchSetup()[pri:0, instance:com.qa.examTest.testCases.registerPageTest@6c372fe6]" started-at="2022-04-19T08:03:44 IST" name="launchSetup" finished-at="2022-04-19T08:03:49 IST" duration-ms="5337" status="PASS">
          <reporter-output>
          </reporter-output>
        </test-method> <!-- launchSetup -->
        <test-method signature="verifyPass()[pri:0, instance:com.qa.examTest.testCases.registerPageTest@6c372fe6]" started-at="2022-04-19T08:03:49 IST" name="verifyPass" finished-at="2022-04-19T08:03:51 IST" duration-ms="1859" status="PASS">
          <reporter-output>
          </reporter-output>
        </test-method> <!-- verifyPass -->
      </class> <!-- com.qa.examTest.testCases.registerPageTest -->
      <class name="com.qa.examTest.testCases.loginPageTest">
        <test-method is-config="true" signature="launchSetup()[pri:0, instance:com.qa.examTest.testCases.loginPageTest@420a85c4]" started-at="2022-04-19T08:03:03 IST" name="launchSetup" finished-at="2022-04-19T08:03:09 IST" duration-ms="6169" status="PASS">
          <reporter-output>
          </reporter-output>
        </test-method> <!-- launchSetup -->
        <test-method signature="verifyInvalidLogin()[pri:0, instance:com.qa.examTest.testCases.loginPageTest@420a85c4]" started-at="2022-04-19T08:03:09 IST" name="verifyInvalidLogin" finished-at="2022-04-19T08:03:10 IST" duration-ms="1223" status="PASS">
          <reporter-output>
          </reporter-output>
        </test-method> <!-- verifyInvalidLogin -->
        <test-method is-config="true" signature="launchSetup()[pri:0, instance:com.qa.examTest.testCases.loginPageTest@420a85c4]" started-at="2022-04-19T08:03:10 IST" name="launchSetup" finished-at="2022-04-19T08:03:15 IST" duration-ms="4738" status="PASS">
          <reporter-output>
          </reporter-output>
        </test-method> <!-- launchSetup -->
        <test-method signature="verifyValidLogin()[pri:0, instance:com.qa.examTest.testCases.loginPageTest@420a85c4]" started-at="2022-04-19T08:03:15 IST" name="verifyValidLogin" finished-at="2022-04-19T08:03:17 IST" duration-ms="1863" status="PASS">
          <reporter-output>
          </reporter-output>
        </test-method> <!-- verifyValidLogin -->
      </class> <!-- com.qa.examTest.testCases.loginPageTest -->
    </test> <!-- Test -->
  </suite> <!-- Suite -->
</testng-results>
