<?xml version="1.0" encoding="UTF-8"?>
<!-- Generated by org.testng.reporters.JUnitXMLReporter -->
<testsuite ignored="0" hostname="DESKTOP-NNDQ7J5" failures="1" tests="7" name="Test" time="48.271" errors="0" timestamp="2022-04-19T08:03:51 IST">
  <testcase classname="com.qa.examTest.testCases.loginPageTest" name="verifyInvalidLogin" time="1.223"/>
  <testcase classname="com.qa.examTest.testCases.loginPageTest" name="verifyValidLogin" time="1.863"/>
  <testcase classname="com.qa.examTest.testCases.registerPageTest" name="ValidRegistration" time="2.64">
    <failure type="java.lang.AssertionError" message="expected [[https://www.techdrills.in/staging/examTest/account.php?q=1]] but found [https://www.techdrills.in/staging/examTest/account.php?q=1]">
      <![CDATA[java.lang.AssertionError: expected [[https://www.techdrills.in/staging/examTest/account.php?q=1]] but found [https://www.techdrills.in/staging/examTest/account.php?q=1]
at com.qa.examTest.testCases.registerPageTest.ValidRegistration(registerPageTest.java:28)
at java.base/java.util.ArrayList.forEach(ArrayList.java:1511)
... Removed 33 stack frames]]>
    </failure>
  </testcase> <!-- ValidRegistration -->
  <testcase classname="com.qa.examTest.testCases.registerPageTest" name="invalidName" time="1.206"/>
  <testcase classname="com.qa.examTest.testCases.registerPageTest" name="verifyCollge" time="1.333"/>
  <testcase classname="com.qa.examTest.testCases.registerPageTest" name="verifyEmail" time="1.592"/>
  <testcase classname="com.qa.examTest.testCases.registerPageTest" name="verifyPass" time="1.859"/>
</testsuite> <!-- Test -->
